Fri Oct 15 12:07:18 SAST 2021 : Apache Derby Network Server - 10.14.2.0 - (1828579) started and ready to accept connections on port 1527
----------------------------------------------------------------
Fri Oct 15 12:09:25 SAST 2021:
Booting Derby version The Apache Software Foundation - Apache Derby - 10.14.2.0 - (1828579): instance a816c00e-017c-836b-9309-00007fd92223 
on database directory C:\Users\bbeno\OneDrive\Documents\NetBeansProjects\adp262s-project\src\main\resources\databases\dbooking with class loader jdk.internal.loader.ClassLoaders$AppClassLoader@73d16e93 
Loaded from file:/C:/Program%20Files/Apache%20Derby/lib/derby.jar
java.vendor=Oracle Corporation
java.runtime.version=16.0.1+9-24
user.dir=C:\Program Files\Apache Derby
os.name=Windows 10
os.arch=amd64
os.version=10.0
derby.system.home=C:\Users\bbeno\OneDrive\Documents\NetBeansProjects\adp262s-project\src\main\resources\databases
Database Class Loader started - derby.database.classpath=''
----------------------------------------------------------------
Fri Oct 15 12:10:43 SAST 2021: Shutting down Derby engine
----------------------------------------------------------------
Fri Oct 15 12:10:43 SAST 2021:
Shutting down instance a816c00e-017c-836b-9309-00007fd92223 on database directory C:\Users\bbeno\OneDrive\Documents\NetBeansProjects\adp262s-project\src\main\resources\databases\dbooking with class loader jdk.internal.loader.ClassLoaders$AppClassLoader@73d16e93 
----------------------------------------------------------------
